13/12/2023 11:19:52 a. m. - DEBUG:Export VBA Files To VSCode Start
13/12/2023 11:19:52 a. m. - DEBUG:EXPORTING CLASS MODULES:ThisWorkbook.cls Type: 100 - ThisWorkbook
13/12/2023 11:19:52 a. m. - DEBUG:EXPORTING CLASS MODULES:Sheet9.cls Type: 100 - Sheet9
13/12/2023 11:19:52 a. m. - DEBUG:EXPORTING CLASS MODULES:Sheet11.cls Type: 100 - Sheet11
13/12/2023 11:19:52 a. m. - DEBUG:EXPORTING CLASS MODULES:Sheet1.cls Type: 100 - Sheet1
13/12/2023 11:19:52 a. m. - DEBUG:EXPORTING CLASS MODULES:Sheet2.cls Type: 100 - Sheet2
13/12/2023 11:19:52 a. m. - DEBUG:EXPORTING CLASS MODULES:Sheet3.cls Type: 100 - Sheet3
13/12/2023 11:19:52 a. m. - DEBUG:EXPORTING FORM MODULES:UserForm3.frmType: 3 - UserForm3
13/12/2023 11:19:52 a. m. - DEBUG:EXPORTING MODULES:Module1.bas Type: 1 - Module1
13/12/2023 11:19:52 a. m. - DEBUG:EXPORTING MODULES:Module2.bas Type: 1 - Module2
13/12/2023 11:19:52 a. m. - DEBUG:EXPORTING MODULES:Module3.bas Type: 1 - Module3
13/12/2023 11:19:52 a. m. - DEBUG:EXPORTING MODULES:Module4.bas Type: 1 - Module4
13/12/2023 11:19:52 a. m. - DEBUG:EXPORTING MODULES:Module5.bas Type: 1 - Module5
13/12/2023 11:19:52 a. m. - DEBUG:EXPORTING MODULES:Module6.bas Type: 1 - Module6
13/12/2023 11:19:52 a. m. - DEBUG:EXPORTING MODULES:Module7.bas Type: 1 - Module7
13/12/2023 11:19:52 a. m. - DEBUG:EXPORTING MODULES:Module8.bas Type: 1 - Module8
13/12/2023 11:19:52 a. m. - DEBUG:EXPORTING CLASS MODULES:Xdebug.cls Type: 2 - Xdebug
13/12/2023 11:19:52 a. m. - DEBUG:Export VBA Files To VSCode Finish
14/12/2023 11:07:51 a. m. - DEBUG:Export VBA Files To VSCode Start
14/12/2023 11:07:51 a. m. - DEBUG:EXPORTING CLASS MODULES:ThisWorkbook.cls Type: 100 - ThisWorkbook
14/12/2023 11:07:51 a. m. - DEBUG:EXPORTING CLASS MODULES:Sheet9.cls Type: 100 - Sheet9
14/12/2023 11:07:51 a. m. - DEBUG:EXPORTING CLASS MODULES:Sheet11.cls Type: 100 - Sheet11
14/12/2023 11:07:51 a. m. - DEBUG:EXPORTING CLASS MODULES:Sheet1.cls Type: 100 - Sheet1
14/12/2023 11:07:51 a. m. - DEBUG:EXPORTING CLASS MODULES:Sheet2.cls Type: 100 - Sheet2
14/12/2023 11:07:51 a. m. - DEBUG:EXPORTING CLASS MODULES:Sheet3.cls Type: 100 - Sheet3
14/12/2023 11:07:51 a. m. - DEBUG:EXPORTING FORM MODULES:UserForm3.frmType: 3 - UserForm3
14/12/2023 11:07:51 a. m. - DEBUG:EXPORTING MODULES:Module1.bas Type: 1 - Module1
14/12/2023 11:07:51 a. m. - DEBUG:EXPORTING MODULES:Module2.bas Type: 1 - Module2
14/12/2023 11:07:51 a. m. - DEBUG:EXPORTING CLASS MODULES:Xdebug.cls Type: 2 - Xdebug
14/12/2023 11:07:51 a. m. - DEBUG:Export VBA Files To VSCode Finish
